<?xml version="1.0" encoding="UTF-8"?>
<testng-results ignored="0" total="1" passed="1" failed="0" skipped="0">
  <reporter-output>
  </reporter-output>
  <suite started-at="2024-03-22T10:44:24 IST" name="Surefire suite" finished-at="2024-03-22T10:44:41 IST" duration-ms="16273">
    <groups>
    </groups>
    <test started-at="2024-03-22T10:44:24 IST" name="Surefire test" finished-at="2024-03-22T10:44:41 IST" duration-ms="16273">
      <class name="testcases.NewTest">
        <test-method signature="f()[pri:0, instance:testcases.NewTest@5a955565]" started-at="2024-03-22T10:44:24 IST" name="f" finished-at="2024-03-22T10:44:41 IST" duration-ms="16239" status="PASS">
          <reporter-output>
          </reporter-output>
        </test-method> <!-- f -->
      </class> <!-- testcases.NewTest -->
    </test> <!-- Surefire test -->
  </suite> <!-- Surefire suite -->
</testng-results>
