<?xml version="1.0" encoding="UTF-8"?>
<testng-results ignored="0" total="1" passed="1" failed="0" skipped="0">
  <reporter-output>
  </reporter-output>
  <suite started-at="2024-03-11T15:47:27 IST" name="Default suite" finished-at="2024-03-11T15:47:32 IST" duration-ms="5728">
    <groups>
    </groups>
    <test started-at="2024-03-11T15:47:27 IST" name="Default test" finished-at="2024-03-11T15:47:32 IST" duration-ms="5728">
      <class name="testcases.NewTest">
        <test-method signature="f()[pri:0, instance:testcases.NewTest@7fd50002]" started-at="2024-03-11T15:47:27 IST" name="f" finished-at="2024-03-11T15:47:32 IST" duration-ms="5681" status="PASS">
          <reporter-output>
          </reporter-output>
        </test-method> <!-- f -->
      </class> <!-- testcases.NewTest -->
    </test> <!-- Default test -->
  </suite> <!-- Default suite -->
</testng-results>
